<?xml version="1.0" encoding="UTF-8"?>
<robot generator="Robot 7.3.2 (Python 3.12.3 on win32)" generated="2025-08-29T14:53:47.987392" rpa="false" schemaversion="5">
<suite id="s1" name="Dangky" source="C:\Users\thao01\Documents\robot_frameword\Project_RobotFramework\tests\dangky.robot">
<test id="s1-t1" name="[Module 1-1] Đăng ký với Email và Mật khẩu hợp lệ" line="6">
<kw name="Open Browser To Login Page" owner="keywords">
<kw name="Open Browser" owner="SeleniumLibrary">
<msg time="2025-08-29T14:53:48.251986" level="INFO">Opening browser 'Chrome' to base url 'https://automationexercise.com/signup'.</msg>
<arg>${URL}</arg>
<arg>${BROWSER}</arg>
<doc>Opens a new browser instance to the optional ``url``.</doc>
<status status="PASS" start="2025-08-29T14:53:48.250986" elapsed="13.716589"/>
</kw>
<status status="PASS" start="2025-08-29T14:53:48.250986" elapsed="13.716589"/>
</kw>
<kw name="Enter Signup Info" owner="keywords">
<kw name="Input Text" owner="SeleniumLibrary">
<msg time="2025-08-29T14:54:01.968575" level="INFO">Typing text 'thuthao' into text field 'name=name'.</msg>
<arg>name=name</arg>
<arg>${VALID_dk_U}</arg>
<doc>Types the given ``text`` into the text field identified by ``locator``.</doc>
<status status="PASS" start="2025-08-29T14:54:01.968575" elapsed="0.088035"/>
</kw>
<kw name="Input Text" owner="SeleniumLibrary">
<msg time="2025-08-29T14:54:02.057093" level="INFO">Typing text 'thaothuvo3@gmail.com' into text field 'css=input[data-qa="signup-email"]'.</msg>
<arg>css=input[data-qa="signup-email"]</arg>
<arg>${VALID_dk_G}</arg>
<doc>Types the given ``text`` into the text field identified by ``locator``.</doc>
<status status="PASS" start="2025-08-29T14:54:02.057093" elapsed="0.053241"/>
</kw>
<kw name="Click Button" owner="SeleniumLibrary">
<msg time="2025-08-29T14:54:02.110334" level="INFO">Clicking button 'css=button[data-qa="signup-button"]'.</msg>
<arg>css=button[data-qa="signup-button"]</arg>
<doc>Clicks the button identified by ``locator``.</doc>
<status status="PASS" start="2025-08-29T14:54:02.110334" elapsed="0.528220"/>
</kw>
<status status="PASS" start="2025-08-29T14:54:01.967575" elapsed="0.670979"/>
</kw>
<kw name="Check Text At XPath" owner="keywords">
<kw name="Wait Until Element Is Visible" owner="SeleniumLibrary">
<msg time="2025-08-29T14:54:12.879941" level="INFO" html="true">&lt;/td&gt;&lt;/tr&gt;&lt;tr&gt;&lt;td colspan="3"&gt;&lt;a href="selenium-screenshot-1.png"&gt;&lt;img src="selenium-screenshot-1.png" width="800px"&gt;&lt;/a&gt;</msg>
<msg time="2025-08-29T14:54:12.879941" level="FAIL">Element '//h2/b' not visible after 10 seconds.</msg>
<arg>${xpath}</arg>
<arg>10s</arg>
<doc>Waits until the element ``locator`` is visible.</doc>
<status status="FAIL" start="2025-08-29T14:54:02.639554" elapsed="10.241387">Element '//h2/b' not visible after 10 seconds.</status>
</kw>
<kw name="Get Text" owner="SeleniumLibrary">
<var>${text}</var>
<arg>${xpath}</arg>
<doc>Returns the text value of the element identified by ``locator``.</doc>
<status status="NOT RUN" start="2025-08-29T14:54:12.880941" elapsed="0.000000"/>
</kw>
<kw name="Should Be Equal As Strings" owner="BuiltIn">
<arg>${text}</arg>
<arg>${expected_text}</arg>
<doc>Fails if objects are unequal after converting them to strings.</doc>
<status status="NOT RUN" start="2025-08-29T14:54:12.881942" elapsed="0.000000"/>
</kw>
<arg>//h2/b</arg>
<arg>ENTER ACCOUNT INFORMATION</arg>
<status status="FAIL" start="2025-08-29T14:54:02.638554" elapsed="10.243388">Element '//h2/b' not visible after 10 seconds.</status>
</kw>
<kw name="Fill Account Information" owner="keywords">
<status status="NOT RUN" start="2025-08-29T14:54:12.881942" elapsed="0.000000"/>
</kw>
<kw name="Execute Javascript" owner="SeleniumLibrary">
<arg>document.querySelectorAll('iframe, div[id^="aswift"], ins.adsbygoogle').forEach(e =&gt; e.style.display = 'none');</arg>
<doc>Executes the given JavaScript code with possible arguments.</doc>
<status status="NOT RUN" start="2025-08-29T14:54:12.881942" elapsed="0.000000"/>
</kw>
<kw name="Sleep" owner="BuiltIn">
<arg>1s</arg>
<doc>Pauses the test executed for the given time.</doc>
<status status="NOT RUN" start="2025-08-29T14:54:12.881942" elapsed="0.000000"/>
</kw>
<kw name="Click Create Account Button" owner="keywords">
<status status="NOT RUN" start="2025-08-29T14:54:12.882941" elapsed="0.000000"/>
</kw>
<kw name="Check Text At XPath" owner="keywords">
<arg>//h2/b</arg>
<arg>ACCOUNT CREATED!</arg>
<status status="NOT RUN" start="2025-08-29T14:54:12.882941" elapsed="0.000000"/>
</kw>
<kw name="Location Should Be" owner="SeleniumLibrary">
<arg>https://automationexercise.com/account_created</arg>
<doc>Verifies that the current URL is exactly ``url``.</doc>
<status status="NOT RUN" start="2025-08-29T14:54:12.882941" elapsed="0.000000"/>
</kw>
<kw name="Check Text At XPath" owner="keywords">
<arg>//p[text()="Congratulations! Your new account has been successfully created!"]</arg>
<arg>Congratulations! Your new account has been successfully created!</arg>
<status status="NOT RUN" start="2025-08-29T14:54:12.882941" elapsed="0.000000"/>
</kw>
<kw name="Check Text At XPath" owner="keywords">
<arg>//p[text()="You can now take advantage of member privileges to enhance your online shopping experience with us."]</arg>
<arg>You can now take advantage of member privileges to enhance your online shopping experience with us.</arg>
<status status="NOT RUN" start="2025-08-29T14:54:12.882941" elapsed="0.000000"/>
</kw>
<kw name="Close Browser" owner="SeleniumLibrary">
<doc>Closes the current browser.</doc>
<status status="NOT RUN" start="2025-08-29T14:54:12.882941" elapsed="0.001001"/>
</kw>
<tag>dangky</tag>
<tag>hop_le</tag>
<status status="FAIL" start="2025-08-29T14:53:48.249966" elapsed="24.633976">Element '//h2/b' not visible after 10 seconds.</status>
</test>
<test id="s1-t2" name="[Module 1-2] Đăng ký với Email đã tồn tại" line="24">
<kw name="Open Browser To Login Page" owner="keywords">
<kw name="Open Browser" owner="SeleniumLibrary">
<msg time="2025-08-29T14:54:12.884942" level="INFO">Opening browser 'Chrome' to base url 'https://automationexercise.com/signup'.</msg>
<arg>${URL}</arg>
<arg>${BROWSER}</arg>
<doc>Opens a new browser instance to the optional ``url``.</doc>
<status status="PASS" start="2025-08-29T14:54:12.884942" elapsed="5.242969"/>
</kw>
<status status="PASS" start="2025-08-29T14:54:12.883942" elapsed="5.243969"/>
</kw>
<kw name="Enter Signup Info" owner="keywords">
<kw name="Input Text" owner="SeleniumLibrary">
<msg time="2025-08-29T14:54:18.128912" level="INFO">Typing text 'thuthao' into text field 'name=name'.</msg>
<arg>name=name</arg>
<arg>${VALID_dk_U}</arg>
<doc>Types the given ``text`` into the text field identified by ``locator``.</doc>
<status status="PASS" start="2025-08-29T14:54:18.128912" elapsed="0.111839"/>
</kw>
<kw name="Input Text" owner="SeleniumLibrary">
<msg time="2025-08-29T14:54:18.241751" level="INFO">Typing text 'thaothuvo3@gmail.com' into text field 'css=input[data-qa="signup-email"]'.</msg>
<arg>css=input[data-qa="signup-email"]</arg>
<arg>${VALID_dk_G}</arg>
<doc>Types the given ``text`` into the text field identified by ``locator``.</doc>
<status status="PASS" start="2025-08-29T14:54:18.241751" elapsed="0.052672"/>
</kw>
<kw name="Click Button" owner="SeleniumLibrary">
<msg time="2025-08-29T14:54:18.294423" level="INFO">Clicking button 'css=button[data-qa="signup-button"]'.</msg>
<arg>css=button[data-qa="signup-button"]</arg>
<doc>Clicks the button identified by ``locator``.</doc>
<status status="PASS" start="2025-08-29T14:54:18.294423" elapsed="0.051478"/>
</kw>
<status status="PASS" start="2025-08-29T14:54:18.127911" elapsed="0.217990"/>
</kw>
<kw name="Check Error Message Should Appear" owner="keywords">
<kw name="Wait Until Page Contains" owner="SeleniumLibrary">
<arg>${expected_text}</arg>
<arg>timeout=10s</arg>
<doc>Waits until ``text`` appears on the current page.</doc>
<status status="PASS" start="2025-08-29T14:54:18.346908" elapsed="1.363040"/>
</kw>
<kw name="Get Text" owner="SeleniumLibrary">
<msg time="2025-08-29T14:54:19.724958" level="INFO">${txt} = Email Address already exist!</msg>
<var>${txt}</var>
<arg>xpath=//p[contains(text(),"${expected_text}")]</arg>
<doc>Returns the text value of the element identified by ``locator``.</doc>
<status status="PASS" start="2025-08-29T14:54:19.709948" elapsed="0.015010"/>
</kw>
<kw name="Should Be Equal As Strings" owner="BuiltIn">
<arg>${txt}</arg>
<arg>${expected_text}</arg>
<doc>Fails if objects are unequal after converting them to strings.</doc>
<status status="PASS" start="2025-08-29T14:54:19.724958" elapsed="0.000000"/>
</kw>
<arg>Email Address already exist!</arg>
<status status="PASS" start="2025-08-29T14:54:18.345901" elapsed="1.379057"/>
</kw>
<kw name="Close Browser" owner="SeleniumLibrary">
<doc>Closes the current browser.</doc>
<status status="PASS" start="2025-08-29T14:54:19.726045" elapsed="2.131192"/>
</kw>
<tag>dangky</tag>
<tag>ton_tai</tag>
<status status="PASS" start="2025-08-29T14:54:12.883942" elapsed="8.974298"/>
</test>
<test id="s1-t3" name="[Module 1-3] Đăng ký với email sai định dạng" line="32">
<kw name="Open Browser To Login Page" owner="keywords">
<kw name="Open Browser" owner="SeleniumLibrary">
<msg time="2025-08-29T14:54:21.859242" level="INFO">Opening browser 'Chrome' to base url 'https://automationexercise.com/signup'.</msg>
<arg>${URL}</arg>
<arg>${BROWSER}</arg>
<doc>Opens a new browser instance to the optional ``url``.</doc>
<status status="PASS" start="2025-08-29T14:54:21.859242" elapsed="3.479878"/>
</kw>
<status status="PASS" start="2025-08-29T14:54:21.859242" elapsed="3.479878"/>
</kw>
<kw name="Input Text" owner="SeleniumLibrary">
<msg time="2025-08-29T14:54:25.339120" level="INFO">Typing text 'thuthao' into text field 'name=name'.</msg>
<arg>name=name</arg>
<arg>${VALID_dk_U}</arg>
<doc>Types the given ``text`` into the text field identified by ``locator``.</doc>
<status status="PASS" start="2025-08-29T14:54:25.339120" elapsed="0.076002"/>
</kw>
<kw name="Input Text" owner="SeleniumLibrary">
<msg time="2025-08-29T14:54:25.416122" level="INFO">Typing text 'vohutha1@gmail' into text field 'css=input[data-qa="signup-email"]'.</msg>
<arg>css=input[data-qa="signup-email"]</arg>
<arg>${VALID_dk_G2}</arg>
<doc>Types the given ``text`` into the text field identified by ``locator``.</doc>
<status status="PASS" start="2025-08-29T14:54:25.416122" elapsed="0.054873"/>
</kw>
<kw name="Click Button" owner="SeleniumLibrary">
<msg time="2025-08-29T14:54:25.472037" level="INFO">Clicking button 'css=button[data-qa="signup-button"]'.</msg>
<arg>css=button[data-qa="signup-button"]</arg>
<doc>Clicks the button identified by ``locator``.</doc>
<status status="PASS" start="2025-08-29T14:54:25.470995" elapsed="0.506352"/>
</kw>
<kw name="Check Error Message Should Appear" owner="keywords">
<kw name="Wait Until Page Contains" owner="SeleniumLibrary">
<msg time="2025-08-29T14:54:36.176578" level="INFO" html="true">&lt;/td&gt;&lt;/tr&gt;&lt;tr&gt;&lt;td colspan="3"&gt;&lt;a href="selenium-screenshot-2.png"&gt;&lt;img src="selenium-screenshot-2.png" width="800px"&gt;&lt;/a&gt;</msg>
<msg time="2025-08-29T14:54:36.176578" level="FAIL">Text 'Invalid email address' did not appear in 10 seconds.</msg>
<arg>${expected_text}</arg>
<arg>timeout=10s</arg>
<doc>Waits until ``text`` appears on the current page.</doc>
<status status="FAIL" start="2025-08-29T14:54:25.977347" elapsed="10.200237">Text 'Invalid email address' did not appear in 10 seconds.</status>
</kw>
<kw name="Get Text" owner="SeleniumLibrary">
<var>${txt}</var>
<arg>xpath=//p[contains(text(),"${expected_text}")]</arg>
<doc>Returns the text value of the element identified by ``locator``.</doc>
<status status="NOT RUN" start="2025-08-29T14:54:36.177584" elapsed="0.000000"/>
</kw>
<kw name="Should Be Equal As Strings" owner="BuiltIn">
<arg>${txt}</arg>
<arg>${expected_text}</arg>
<doc>Fails if objects are unequal after converting them to strings.</doc>
<status status="NOT RUN" start="2025-08-29T14:54:36.177584" elapsed="0.000000"/>
</kw>
<arg>Invalid email address</arg>
<status status="FAIL" start="2025-08-29T14:54:25.977347" elapsed="10.200237">Text 'Invalid email address' did not appear in 10 seconds.</status>
</kw>
<kw name="Close Browser" owner="SeleniumLibrary">
<doc>Closes the current browser.</doc>
<status status="NOT RUN" start="2025-08-29T14:54:36.177584" elapsed="0.000000"/>
</kw>
<tag>dangky</tag>
<tag>sai_dinh_dang</tag>
<status status="FAIL" start="2025-08-29T14:54:21.858240" elapsed="14.320343">Text 'Invalid email address' did not appear in 10 seconds.</status>
</test>
<status status="FAIL" start="2025-08-29T14:53:47.988985" elapsed="48.189598"/>
</suite>
<statistics>
<total>
<stat pass="1" fail="2" skip="0">All Tests</stat>
</total>
<tag>
<stat pass="1" fail="2" skip="0">dangky</stat>
<stat pass="0" fail="1" skip="0">hop_le</stat>
<stat pass="0" fail="1" skip="0">sai_dinh_dang</stat>
<stat pass="1" fail="0" skip="0">ton_tai</stat>
</tag>
<suite>
<stat name="Dangky" id="s1" pass="1" fail="2" skip="0">Dangky</stat>
</suite>
</statistics>
<errors>
<msg time="2025-08-29T14:53:48.241592" level="ERROR">Error in file 'C:\Users\thao01\Documents\robot_frameword\Project_RobotFramework\resources\keywords.robot' on line 3: Processing variable file './variables.robot' failed: Importing variable file './variables.robot' failed: ModuleNotFoundError: No module named './variables'
Traceback (most recent call last):
  None
PYTHONPATH:
  C:\Users\thao01\Documents\robot_frameword\Project_RobotFramework\venv\Scripts\robot.exe
  C:\Python312\python312.zip
  C:\Python312\DLLs
  C:\Python312\Lib
  C:\Python312
  C:\Users\thao01\Documents\robot_frameword\Project_RobotFramework\venv
  C:\Users\thao01\Documents\robot_frameword\Project_RobotFramework\venv\Lib\site-packages</msg>
</errors>
</robot>
